<?xml version="1.0" encoding="UTF-8"?>
<!-- Generated by org.testng.reporters.JUnitXMLReporter -->
<testsuite ignored="0" hostname="LA-DGT-001436" failures="0" tests="2" name="HeadPhoneOrdersTest" time="21.083" errors="0" timestamp="2019-10-13T16:04:45 PDT">
  <testcase classname="com.presto.testclasses.TestCase001_SearchPage" name="testAddBestSeller" time="18.608"/>
  <testcase classname="com.presto.testclasses.TestCase001_SearchPage" name="verifyCartItems" time="0.167"/>
</testsuite> <!-- HeadPhoneOrdersTest -->
