<?xml version="1.0" encoding="UTF-8"?>
<!-- Generated by org.testng.reporters.JUnitXMLReporter -->
<testsuite ignored="0" hostname="LA-DGT-001436" failures="0" tests="2" name="HeadPhoneOrdersTest" time="17.096" errors="0" timestamp="2019-10-13T17:31:32 PDT">
  <testcase classname="com.presto.testclasses.TestCase001_SearchPage" name="testAddBestSeller" time="14.509"/>
  <testcase classname="com.presto.testclasses.TestCase001_SearchPage" name="verifyCartItems" time="0.256"/>
</testsuite> <!-- HeadPhoneOrdersTest -->
